INFO \ src_country.py \ 9 \ The program imported the libraries.
INFO \ src_country.py \ 15 \ The program has been connected to API.
INFO \ src_country.py \ 22 \ The program created the book and sheet of arquive xlsx.
INFO \ src_country.py \ 62 \ The program stored the API results in xlsx archive.
INFO \ src_country.py \ 9 \ The program imported the libraries.
INFO \ src_country.py \ 15 \ The program has been connected to API.
INFO \ src_country.py \ 22 \ The program created the book and sheet of arquive xlsx.
INFO \ src_country.py \ 62 \ The program stored the API results in xlsx archive.
2022-08-24 17:18:08,893 \ INFO \ src_country.py \ 13 \ The program successfully made a get request to the API.
2022-08-24 17:18:08,896 \ INFO \ src_country.py \ 20 \ The program created the book and sheet of arquive xlsx.
2022-08-24 17:18:08,897 \ INFO \ src_country.py \ 37 \ The program defined the fields and formatting of the table.
2022-08-24 17:18:08,911 \ INFO \ src_country.py \ 61 \ The program handled the fields without information.
2022-08-24 17:18:08,911 \ INFO \ src_country.py \ 62 \ The program stored the API results in xlsx archive.
2022-08-24 17:18:08,982 \ INFO \ src_country.py \ 65 \ File generated successfully.
2022-08-24 17:18:55,962 \ INFO \ src_country.py \ 13 \ The program successfully made a get request to the API.
2022-08-24 17:18:55,964 \ INFO \ src_country.py \ 20 \ The program created the book and sheet of arquive xlsx.
2022-08-24 17:18:55,965 \ INFO \ src_country.py \ 37 \ The program defined the fields and formatting of the table.
2022-08-24 17:18:55,974 \ INFO \ src_country.py \ 61 \ The program handled the fields without information.
2022-08-24 17:18:55,974 \ INFO \ src_country.py \ 62 \ The program stored the API results in xlsx archive.
2022-08-24 17:58:39,589 \ INFO \ src_country.py \ 15 \ Conexão à API estabelecida com sucesso.
2022-08-24 17:58:39,591 \ INFO \ src_country.py \ 29 \ The program created the book and sheet of arquive xlsx.
2022-08-24 17:58:39,593 \ INFO \ src_country.py \ 46 \ The program defined the fields and formatting of the table.
2022-08-24 17:58:39,649 \ INFO \ src_country.py \ 80 \ File generated successfully.
2022-08-24 17:59:03,293 \ INFO \ src_country.py \ 15 \ Conexão à API estabelecida com sucesso.
2022-08-24 17:59:03,295 \ INFO \ src_country.py \ 29 \ The program created the book and sheet of arquive xlsx.
2022-08-24 17:59:03,296 \ INFO \ src_country.py \ 46 \ The program defined the fields and formatting of the table.
2022-08-24 17:59:03,338 \ INFO \ src_country.py \ 80 \ File generated successfully.
